<?xml version="1.0" encoding="UTF-8"?>
<!-- Generated by org.testng.reporters.JUnitReportReporter -->
<testsuite hostname="Kruthi" failures="0" tests="3" name="selenium.SauceDemo" time="7.782" errors="0" timestamp="2025-03-14T14:01:29 PDT" skipped="0">
  <testcase classname="selenium.SauceDemo" name="launchApp" time="4.858"/>
  <testcase classname="selenium.SauceDemo" name="login" time="2.312"/>
  <testcase classname="selenium.SauceDemo" name="navigateToMyinfo" time="0.612"/>
</testsuite> <!-- selenium.SauceDemo -->
