<?xml version="1.0" encoding="UTF-8"?>
<!-- Generated by org.testng.reporters.JUnitReportReporter -->
<testsuite hostname="Kruthi" failures="0" tests="1" name="selenium.TestClass" time="7.059" errors="0" timestamp="2025-03-14T14:01:29 PDT" skipped="0">
  <testcase classname="selenium.TestClass" name="google" time="7.059"/>
</testsuite> <!-- selenium.TestClass -->
